<?xml version="1.0" encoding="UTF-8"?>
<testng-results ignored="0" total="1" passed="1" failed="0" skipped="0">
  <reporter-output>
  </reporter-output>
  <suite started-at="2020-03-29T21:15:44 CEST" name="Surefire suite" finished-at="2020-03-29T21:15:45 CEST" duration-ms="95">
    <groups>
    </groups>
    <test started-at="2020-03-29T21:15:44 CEST" name="Surefire test" finished-at="2020-03-29T21:15:45 CEST" duration-ms="95">
      <class name="qaclickacademy.AppTest">
        <test-method signature="testApp()" started-at="2020-03-29T21:15:44 CEST" name="testApp" finished-at="2020-03-29T21:15:45 CEST" duration-ms="25" status="PASS">
          <reporter-output>
          </reporter-output>
        </test-method> <!-- testApp -->
      </class> <!-- qaclickacademy.AppTest -->
    </test> <!-- Surefire test -->
  </suite> <!-- Surefire suite -->
</testng-results>
