<?xml version="1.0" encoding="UTF-8"?>
<!-- Generated by org.testng.reporters.JUnitXMLReporter -->
<testsuite ignored="0" hostname="DESKTOP-JAIH10F" failures="0" tests="4" name="Test" time="0.207" errors="0" timestamp="2020-03-30T15:10:34 CEST">
  <testcase classname="qaclickacademy.AppiumTest" name="Appium1" time="0.049"/>
  <testcase classname="qaclickacademy.AppiumTest" name="Appium2" time="0.002"/>
  <testcase classname="qaclickacademy.SeleniumTest" name="Selenium1" time="0.001"/>
  <testcase classname="qaclickacademy.SeleniumTest" name="Selenium2" time="0.001"/>
</testsuite> <!-- Test -->
