<?xml version="1.0" encoding="UTF-8"?>
<!-- Generated by org.testng.reporters.JUnitXMLReporter -->
<testsuite ignored="0" hostname="DESKTOP-JAIH10F" failures="0" tests="4" name="Surefire test" time="0.099" errors="0" timestamp="2020-03-29T21:15:44 CEST">
  <testcase classname="qaclickacademy.AppiumTest" name="Appium1" time="0.007"/>
  <testcase classname="qaclickacademy.AppiumTest" name="Appium2" time="0.001"/>
  <testcase classname="qaclickacademy.SeleniumTest" name="Selenium1" time="0.0"/>
  <testcase classname="qaclickacademy.SeleniumTest" name="Selenium2" time="0.001"/>
</testsuite> <!-- Surefire test -->
