<?xml version="1.0" encoding="UTF-8"?>
<testng-results ignored="0" total="4" passed="4" failed="0" skipped="0">
  <reporter-output>
  </reporter-output>
  <suite started-at="2020-03-29T21:15:44 CEST" name="Surefire suite" finished-at="2020-03-29T21:15:44 CEST" duration-ms="99">
    <groups>
    </groups>
    <test started-at="2020-03-29T21:15:44 CEST" name="Surefire test" finished-at="2020-03-29T21:15:44 CEST" duration-ms="99">
      <class name="qaclickacademy.AppiumTest">
        <test-method signature="Appium1()[pri:0, instance:qaclickacademy.AppiumTest@8f4ea7c]" started-at="2020-03-29T21:15:44 CEST" name="Appium1" finished-at="2020-03-29T21:15:44 CEST" duration-ms="7" status="PASS">
          <reporter-output>
          </reporter-output>
        </test-method> <!-- Appium1 -->
        <test-method signature="Appium2()[pri:0, instance:qaclickacademy.AppiumTest@8f4ea7c]" started-at="2020-03-29T21:15:44 CEST" name="Appium2" finished-at="2020-03-29T21:15:44 CEST" duration-ms="1" status="PASS">
          <reporter-output>
          </reporter-output>
        </test-method> <!-- Appium2 -->
      </class> <!-- qaclickacademy.AppiumTest -->
      <class name="qaclickacademy.SeleniumTest">
        <test-method signature="Selenium1()[pri:0, instance:qaclickacademy.SeleniumTest@436813f3]" started-at="2020-03-29T21:15:44 CEST" name="Selenium1" finished-at="2020-03-29T21:15:44 CEST" duration-ms="0" status="PASS">
          <reporter-output>
          </reporter-output>
        </test-method> <!-- Selenium1 -->
        <test-method signature="Selenium2()[pri:0, instance:qaclickacademy.SeleniumTest@436813f3]" started-at="2020-03-29T21:15:44 CEST" name="Selenium2" finished-at="2020-03-29T21:15:44 CEST" duration-ms="1" status="PASS">
          <reporter-output>
          </reporter-output>
        </test-method> <!-- Selenium2 -->
      </class> <!-- qaclickacademy.SeleniumTest -->
    </test> <!-- Surefire test -->
  </suite> <!-- Surefire suite -->
</testng-results>
