<?xml version="1.0" encoding="UTF-8"?>
<!-- Generated by org.testng.reporters.JUnitXMLReporter -->
<testsuite ignored="0" hostname="DESKTOP-JAIH10F" failures="0" tests="4" name="Test" time="0.093" errors="0" timestamp="2020-03-29T21:17:26 CEST">
  <testcase classname="qaclickacademy.SeleniumTest" name="Selenium1" time="0.01"/>
  <testcase classname="qaclickacademy.SeleniumTest" name="Selenium2" time="0.0"/>
  <testcase classname="qaclickacademy.RestAPI" name="RestApi1" time="0.001"/>
  <testcase classname="qaclickacademy.RestAPI" name="RestApi2" time="0.001"/>
</testsuite> <!-- Test -->
