<?xml version="1.0" encoding="UTF-8"?>
<testng-results ignored="0" total="4" passed="4" failed="0" skipped="0">
  <reporter-output>
  </reporter-output>
  <suite started-at="2020-03-29T21:17:26 CEST" name="Suite" finished-at="2020-03-29T21:17:26 CEST" duration-ms="93">
    <groups>
    </groups>
    <test started-at="2020-03-29T21:17:26 CEST" name="Test" finished-at="2020-03-29T21:17:26 CEST" duration-ms="93">
      <class name="qaclickacademy.RestAPI">
        <test-method signature="RestApi1()[pri:0, instance:qaclickacademy.RestAPI@5745ca0e]" started-at="2020-03-29T21:17:26 CEST" name="RestApi1" finished-at="2020-03-29T21:17:26 CEST" duration-ms="1" status="PASS">
          <reporter-output>
          </reporter-output>
        </test-method> <!-- RestApi1 -->
        <test-method signature="RestApi2()[pri:0, instance:qaclickacademy.RestAPI@5745ca0e]" started-at="2020-03-29T21:17:26 CEST" name="RestApi2" finished-at="2020-03-29T21:17:26 CEST" duration-ms="1" status="PASS">
          <reporter-output>
          </reporter-output>
        </test-method> <!-- RestApi2 -->
      </class> <!-- qaclickacademy.RestAPI -->
      <class name="qaclickacademy.SeleniumTest">
        <test-method signature="Selenium1()[pri:0, instance:qaclickacademy.SeleniumTest@5f8e8a9d]" started-at="2020-03-29T21:17:26 CEST" name="Selenium1" finished-at="2020-03-29T21:17:26 CEST" duration-ms="10" status="PASS">
          <reporter-output>
          </reporter-output>
        </test-method> <!-- Selenium1 -->
        <test-method signature="Selenium2()[pri:0, instance:qaclickacademy.SeleniumTest@5f8e8a9d]" started-at="2020-03-29T21:17:26 CEST" name="Selenium2" finished-at="2020-03-29T21:17:26 CEST" duration-ms="0" status="PASS">
          <reporter-output>
          </reporter-output>
        </test-method> <!-- Selenium2 -->
      </class> <!-- qaclickacademy.SeleniumTest -->
    </test> <!-- Test -->
  </suite> <!-- Suite -->
</testng-results>
