<?xml version="1.0" encoding="UTF-8"?>
<testng-results ignored="0" total="4" passed="4" failed="0" skipped="0">
  <reporter-output>
  </reporter-output>
  <suite started-at="2020-03-30T15:10:34 CEST" name="Suite" finished-at="2020-03-30T15:10:34 CEST" duration-ms="207">
    <groups>
    </groups>
    <test started-at="2020-03-30T15:10:34 CEST" name="Test" finished-at="2020-03-30T15:10:34 CEST" duration-ms="207">
      <class name="qaclickacademy.AppiumTest">
        <test-method signature="Appium1()[pri:0, instance:qaclickacademy.AppiumTest@415b0b49]" started-at="2020-03-30T15:10:34 CEST" name="Appium1" finished-at="2020-03-30T15:10:34 CEST" duration-ms="49" status="PASS">
          <reporter-output>
          </reporter-output>
        </test-method> <!-- Appium1 -->
        <test-method signature="Appium2()[pri:0, instance:qaclickacademy.AppiumTest@415b0b49]" started-at="2020-03-30T15:10:34 CEST" name="Appium2" finished-at="2020-03-30T15:10:34 CEST" duration-ms="2" status="PASS">
          <reporter-output>
          </reporter-output>
        </test-method> <!-- Appium2 -->
      </class> <!-- qaclickacademy.AppiumTest -->
      <class name="qaclickacademy.SeleniumTest">
        <test-method signature="Selenium1()[pri:0, instance:qaclickacademy.SeleniumTest@6d5620ce]" started-at="2020-03-30T15:10:34 CEST" name="Selenium1" finished-at="2020-03-30T15:10:34 CEST" duration-ms="1" status="PASS">
          <reporter-output>
          </reporter-output>
        </test-method> <!-- Selenium1 -->
        <test-method signature="Selenium2()[pri:0, instance:qaclickacademy.SeleniumTest@6d5620ce]" started-at="2020-03-30T15:10:34 CEST" name="Selenium2" finished-at="2020-03-30T15:10:34 CEST" duration-ms="1" status="PASS">
          <reporter-output>
          </reporter-output>
        </test-method> <!-- Selenium2 -->
      </class> <!-- qaclickacademy.SeleniumTest -->
    </test> <!-- Test -->
  </suite> <!-- Suite -->
</testng-results>
